[13:12:06] [main/INFO]: Setting user: ForgeDevName
[13:12:07] [Client thread/INFO]: LWJGL Version: 2.9.1
[13:12:14] [Client thread/INFO]: Reloading ResourceManager: Default, FMLFileResourcePack:Forge Mod Loader, FMLFileResourcePack:Minecraft Forge, FMLFileResourcePack:Nyght's Mod
[13:12:15] [Sound Library Loader/INFO]: Sound engine started
[13:12:17] [Client thread/INFO]: Created: 512x256 textures/blocks-atlas
[13:12:18] [Client thread/INFO]: Created: 256x256 textures/items-atlas
[13:12:18] [Client thread/INFO]: Reloading ResourceManager: Default, FMLFileResourcePack:Forge Mod Loader, FMLFileResourcePack:Minecraft Forge, FMLFileResourcePack:Nyght's Mod
[13:12:18] [Client thread/INFO]: Created: 256x256 textures/items-atlas
[13:12:18] [Client thread/INFO]: Created: 512x256 textures/blocks-atlas
[13:12:19] [Sound Library Loader/INFO]: Sound engine started
[13:12:23] [Server thread/INFO]: Starting integrated minecraft server version 1.7.10
[13:12:23] [Server thread/INFO]: Generating keypair
[13:12:23] [Server thread/INFO]: Preparing start region for level 0
[13:12:24] [Server thread/INFO]: Changing view distance to 12, from 10
[13:12:28] [Server thread/INFO]: Stopping server
[13:12:28] [Server thread/INFO]: Saving players
[13:12:28] [Server thread/INFO]: Saving worlds
[13:12:28] [Server thread/INFO]: Saving chunks for level 'New World'/Overworld
[13:12:28] [Server thread/INFO]: Saving chunks for level 'New World'/Nether
[13:12:28] [Server thread/INFO]: Saving chunks for level 'New World'/The End
[13:12:29] [Server thread/INFO]: Starting integrated minecraft server version 1.7.10
[13:12:29] [Server thread/INFO]: Generating keypair
[13:12:29] [Server thread/INFO]: Preparing start region for level 0
[13:12:29] [Server thread/INFO]: Changing view distance to 12, from 10
[13:12:30] [Server thread/INFO]: ForgeDevName[local:E:53a666c7] logged in with entity id 486 at (566.8868815157784, 4.0, 118.89467165935714)
[13:12:30] [Server thread/INFO]: ForgeDevName joined the game
[13:12:44] [Server thread/INFO]: [ForgeDevName: Given [Canadian Flag of Awesomeness] * 1 to ForgeDevName]
[13:12:44] [Client thread/INFO]: [CHAT] Given [Canadian Flag of Awesomeness] * 1 to ForgeDevName
[13:13:02] [Server thread/INFO]: Saving and pausing game...
[13:13:02] [Server thread/INFO]: Saving chunks for level 'New World'/Overworld
[13:13:02] [Server thread/INFO]: Saving chunks for level 'New World'/Nether
[13:13:02] [Server thread/INFO]: Saving chunks for level 'New World'/The End
[13:13:04] [Server thread/INFO]: Stopping server
[13:13:04] [Server thread/INFO]: Saving players
[13:13:04] [Server thread/INFO]: Saving worlds
[13:13:04] [Server thread/INFO]: Saving chunks for level 'New World'/Overworld
[13:13:04] [Server thread/INFO]: Saving chunks for level 'New World'/Nether
[13:13:04] [Server thread/INFO]: Saving chunks for level 'New World'/The End
[13:13:09] [Client thread/INFO]: Stopping!
